Building DAG of jobs...
Using shell: /bin/bash
Provided cores: 6
Rules claiming more threads will be scaled down.
Job stats:
job          count    min threads    max threads
---------  -------  -------------  -------------
align            8              1              1
all              1              1              1
ancestral        8              1              1
export           8              1              1
filter           8              1              1
parse            8              1              1
refine           8              1              1
traits           8              1              1
translate        8              1              1
tree             8              1              1
total           73              1              1

Select jobs to execute...

[Fri Jun 21 14:02:12 2024]
Job 33: Parsing fasta into sequences and metadata
Reason: Missing output files: results/metadata/metadata_h3nx_na.tsv, results/sequences/sequences_h3nx_na.fasta


        augur parse             --sequences sequences/h3nx_na.fasta             --output-sequences results/sequences/sequences_h3nx_na.fasta             --output-metadata results/metadata/metadata_h3nx_na.tsv             --fields strain accession subtype date host country region species broad order             --prettify-fields country host species region order
        

[Fri Jun 21 14:02:12 2024]
Job 24: Parsing fasta into sequences and metadata
Reason: Missing output files: results/metadata/metadata_h3nx_pb1.tsv, results/sequences/sequences_h3nx_pb1.fasta


        augur parse             --sequences sequences/h3nx_pb1.fasta             --output-sequences results/sequences/sequences_h3nx_pb1.fasta             --output-metadata results/metadata/metadata_h3nx_pb1.tsv             --fields strain accession subtype date host country region species broad order             --prettify-fields country host species region order
        

[Fri Jun 21 14:02:12 2024]
Job 15: Parsing fasta into sequences and metadata
Reason: Missing output files: results/sequences/sequences_h3nx_pb2.fasta, results/metadata/metadata_h3nx_pb2.tsv


        augur parse             --sequences sequences/h3nx_pb2.fasta             --output-sequences results/sequences/sequences_h3nx_pb2.fasta             --output-metadata results/metadata/metadata_h3nx_pb2.tsv             --fields strain accession subtype date host country region species broad order             --prettify-fields country host species region order
        

[Fri Jun 21 14:02:12 2024]
Job 6: Parsing fasta into sequences and metadata
Reason: Missing output files: results/sequences/sequences_h3nx_ha.fasta, results/metadata/metadata_h3nx_ha.tsv


        augur parse             --sequences sequences/h3nx_ha.fasta             --output-sequences results/sequences/sequences_h3nx_ha.fasta             --output-metadata results/metadata/metadata_h3nx_ha.tsv             --fields strain accession subtype date host country region species broad order             --prettify-fields country host species region order
        

[Fri Jun 21 14:02:12 2024]
Job 51: Parsing fasta into sequences and metadata
Reason: Missing output files: results/metadata/metadata_h3nx_pa.tsv, results/sequences/sequences_h3nx_pa.fasta


        augur parse             --sequences sequences/h3nx_pa.fasta             --output-sequences results/sequences/sequences_h3nx_pa.fasta             --output-metadata results/metadata/metadata_h3nx_pa.tsv             --fields strain accession subtype date host country region species broad order             --prettify-fields country host species region order
        

[Fri Jun 21 14:02:12 2024]
Job 42: Parsing fasta into sequences and metadata
Reason: Missing output files: results/metadata/metadata_h3nx_np.tsv, results/sequences/sequences_h3nx_np.fasta


        augur parse             --sequences sequences/h3nx_np.fasta             --output-sequences results/sequences/sequences_h3nx_np.fasta             --output-metadata results/metadata/metadata_h3nx_np.tsv             --fields strain accession subtype date host country region species broad order             --prettify-fields country host species region order
        
[Fri Jun 21 14:02:16 2024]
Finished job 42.
1 of 73 steps (1%) done
Select jobs to execute...

[Fri Jun 21 14:02:16 2024]
Job 69: Parsing fasta into sequences and metadata
Reason: Missing output files: results/sequences/sequences_h3nx_mp.fasta, results/metadata/metadata_h3nx_mp.tsv


        augur parse             --sequences sequences/h3nx_mp.fasta             --output-sequences results/sequences/sequences_h3nx_mp.fasta             --output-metadata results/metadata/metadata_h3nx_mp.tsv             --fields strain accession subtype date host country region species broad order             --prettify-fields country host species region order
        
[Fri Jun 21 14:02:16 2024]
Finished job 33.
2 of 73 steps (3%) done
Select jobs to execute...

[Fri Jun 21 14:02:16 2024]
Job 60: Parsing fasta into sequences and metadata
Reason: Missing output files: results/metadata/metadata_h3nx_ns.tsv, results/sequences/sequences_h3nx_ns.fasta


        augur parse             --sequences sequences/h3nx_ns.fasta             --output-sequences results/sequences/sequences_h3nx_ns.fasta             --output-metadata results/metadata/metadata_h3nx_ns.tsv             --fields strain accession subtype date host country region species broad order             --prettify-fields country host species region order
        
[Fri Jun 21 14:02:17 2024]
Finished job 15.
3 of 73 steps (4%) done
[Fri Jun 21 14:02:17 2024]
Finished job 24.
4 of 73 steps (5%) done
[Fri Jun 21 14:02:17 2024]
Finished job 51.
5 of 73 steps (7%) done
[Fri Jun 21 14:02:17 2024]
Finished job 6.
6 of 73 steps (8%) done
Select jobs to execute...

[Fri Jun 21 14:02:17 2024]
Job 5: 
        Filtering to
          - 30 sequence(s) per year country host subtype
          - excluding strains in config/dropped_strains_h3nx.txt
          - samples with missing region and country metadata
          - excluding strains prior to 1960
        
Reason: Missing output files: results/filtered/filtered_h3nx_ha.fasta, results/filtered/filtered_h3nx_ha.txt; Input files updated by another job: results/sequences/sequences_h3nx_ha.fasta, results/metadata/metadata_h3nx_ha.tsv


        augur filter             --sequences results/sequences/sequences_h3nx_ha.fasta             --metadata results/metadata/metadata_h3nx_ha.tsv             --exclude config/dropped_strains_h3nx.txt             --include config/include_strains_h3nx.txt             --output results/filtered/filtered_h3nx_ha.fasta             --output-strains results/filtered/filtered_h3nx_ha.txt             --group-by year country host subtype             --sequences-per-group 30             --min-date 1960             --exclude-where host=ferret             --min-length 1600             --non-nucleotide
        
[Fri Jun 21 14:02:18 2024]
Finished job 69.
7 of 73 steps (10%) done
[Fri Jun 21 14:02:19 2024]
Finished job 60.
8 of 73 steps (11%) done
[Fri Jun 21 14:02:20 2024]
Finished job 5.
9 of 73 steps (12%) done
Select jobs to execute...

[Fri Jun 21 14:02:20 2024]
Job 50: 
        Filtering to
          - 30 sequence(s) per year country host subtype
          - excluding strains in config/dropped_strains_h3nx.txt
          - samples with missing region and country metadata
          - excluding strains prior to 1960
        
Reason: Missing output files: results/filtered/filtered_h3nx_pa.fasta; Input files updated by another job: results/metadata/metadata_h3nx_pa.tsv, results/filtered/filtered_h3nx_ha.txt, results/sequences/sequences_h3nx_pa.fasta


        augur filter             --sequences results/sequences/sequences_h3nx_pa.fasta             --metadata results/metadata/metadata_h3nx_pa.tsv             --exclude config/dropped_strains_h3nx.txt             --include config/include_strains_h3nx.txt             --output results/filtered/filtered_h3nx_pa.fasta             --output-strains results/filtered/filtered_h3nx_pa.txt             --group-by year country host subtype             --sequences-per-group 30             --min-date 1960             --exclude-where host=ferret             --min-length 2000             --non-nucleotide
        

[Fri Jun 21 14:02:20 2024]
Job 41: 
        Filtering to
          - 30 sequence(s) per year country host subtype
          - excluding strains in config/dropped_strains_h3nx.txt
          - samples with missing region and country metadata
          - excluding strains prior to 1960
        
Reason: Missing output files: results/filtered/filtered_h3nx_np.fasta; Input files updated by another job: results/sequences/sequences_h3nx_np.fasta, results/metadata/metadata_h3nx_np.tsv, results/filtered/filtered_h3nx_ha.txt


        augur filter             --sequences results/sequences/sequences_h3nx_np.fasta             --metadata results/metadata/metadata_h3nx_np.tsv             --exclude config/dropped_strains_h3nx.txt             --include config/include_strains_h3nx.txt             --output results/filtered/filtered_h3nx_np.fasta             --output-strains results/filtered/filtered_h3nx_np.txt             --group-by year country host subtype             --sequences-per-group 30             --min-date 1960             --exclude-where host=ferret             --min-length 1400             --non-nucleotide
        

[Fri Jun 21 14:02:20 2024]
Job 4: 
        Aligning sequences to config/references/h3nx_ha.gb
          - filling gaps with N
        
Reason: Missing output files: results/alignments/aligned_h3nx_ha.fasta; Input files updated by another job: results/filtered/filtered_h3nx_ha.fasta


        augur align             --sequences results/filtered/filtered_h3nx_ha.fasta             --reference-sequence config/references/h3nx_ha.gb             --output results/alignments/aligned_h3nx_ha.fasta             --remove-reference             --nthreads 1
        

[Fri Jun 21 14:02:20 2024]
Job 32: 
        Filtering to
          - 30 sequence(s) per year country host subtype
          - excluding strains in config/dropped_strains_h3nx.txt
          - samples with missing region and country metadata
          - excluding strains prior to 1960
        
Reason: Missing output files: results/filtered/filtered_h3nx_na.fasta; Input files updated by another job: results/sequences/sequences_h3nx_na.fasta, results/metadata/metadata_h3nx_na.tsv, results/filtered/filtered_h3nx_ha.txt


        augur filter             --sequences results/sequences/sequences_h3nx_na.fasta             --metadata results/metadata/metadata_h3nx_na.tsv             --exclude config/dropped_strains_h3nx.txt             --include config/include_strains_h3nx.txt             --output results/filtered/filtered_h3nx_na.fasta             --output-strains results/filtered/filtered_h3nx_na.txt             --group-by year country host subtype             --sequences-per-group 30             --min-date 1960             --exclude-where host=ferret             --min-length 1270             --non-nucleotide
        

[Fri Jun 21 14:02:20 2024]
Job 23: 
        Filtering to
          - 30 sequence(s) per year country host subtype
          - excluding strains in config/dropped_strains_h3nx.txt
          - samples with missing region and country metadata
          - excluding strains prior to 1960
        
Reason: Missing output files: results/filtered/filtered_h3nx_pb1.fasta; Input files updated by another job: results/metadata/metadata_h3nx_pb1.tsv, results/filtered/filtered_h3nx_ha.txt, results/sequences/sequences_h3nx_pb1.fasta


        augur filter             --sequences results/sequences/sequences_h3nx_pb1.fasta             --metadata results/metadata/metadata_h3nx_pb1.tsv             --exclude config/dropped_strains_h3nx.txt             --include config/include_strains_h3nx.txt             --output results/filtered/filtered_h3nx_pb1.fasta             --output-strains results/filtered/filtered_h3nx_pb1.txt             --group-by year country host subtype             --sequences-per-group 30             --min-date 1960             --exclude-where host=ferret             --min-length 2100             --non-nucleotide
        

[Fri Jun 21 14:02:20 2024]
Job 14: 
        Filtering to
          - 30 sequence(s) per year country host subtype
          - excluding strains in config/dropped_strains_h3nx.txt
          - samples with missing region and country metadata
          - excluding strains prior to 1960
        
Reason: Missing output files: results/filtered/filtered_h3nx_pb2.fasta; Input files updated by another job: results/sequences/sequences_h3nx_pb2.fasta, results/metadata/metadata_h3nx_pb2.tsv, results/filtered/filtered_h3nx_ha.txt


        augur filter             --sequences results/sequences/sequences_h3nx_pb2.fasta             --metadata results/metadata/metadata_h3nx_pb2.tsv             --exclude config/dropped_strains_h3nx.txt             --include config/include_strains_h3nx.txt             --output results/filtered/filtered_h3nx_pb2.fasta             --output-strains results/filtered/filtered_h3nx_pb2.txt             --group-by year country host subtype             --sequences-per-group 30             --min-date 1960             --exclude-where host=ferret             --min-length 2100             --non-nucleotide
        
[Fri Jun 21 14:02:23 2024]
Finished job 41.
10 of 73 steps (14%) done
Select jobs to execute...

[Fri Jun 21 14:02:23 2024]
Job 68: 
        Filtering to
          - 30 sequence(s) per year country host subtype
          - excluding strains in config/dropped_strains_h3nx.txt
          - samples with missing region and country metadata
          - excluding strains prior to 1960
        
Reason: Missing output files: results/filtered/filtered_h3nx_mp.fasta; Input files updated by another job: results/sequences/sequences_h3nx_mp.fasta, results/metadata/metadata_h3nx_mp.tsv, results/filtered/filtered_h3nx_ha.txt


        augur filter             --sequences results/sequences/sequences_h3nx_mp.fasta             --metadata results/metadata/metadata_h3nx_mp.tsv             --exclude config/dropped_strains_h3nx.txt             --include config/include_strains_h3nx.txt             --output results/filtered/filtered_h3nx_mp.fasta             --output-strains results/filtered/filtered_h3nx_mp.txt             --group-by year country host subtype             --sequences-per-group 30             --min-date 1960             --exclude-where host=ferret             --min-length 900             --non-nucleotide
        
[Fri Jun 21 14:02:23 2024]
Finished job 32.
11 of 73 steps (15%) done
Select jobs to execute...

[Fri Jun 21 14:02:23 2024]
Job 59: 
        Filtering to
          - 30 sequence(s) per year country host subtype
          - excluding strains in config/dropped_strains_h3nx.txt
          - samples with missing region and country metadata
          - excluding strains prior to 1960
        
Reason: Missing output files: results/filtered/filtered_h3nx_ns.fasta; Input files updated by another job: results/metadata/metadata_h3nx_ns.tsv, results/filtered/filtered_h3nx_ha.txt, results/sequences/sequences_h3nx_ns.fasta


        augur filter             --sequences results/sequences/sequences_h3nx_ns.fasta             --metadata results/metadata/metadata_h3nx_ns.tsv             --exclude config/dropped_strains_h3nx.txt             --include config/include_strains_h3nx.txt             --output results/filtered/filtered_h3nx_ns.fasta             --output-strains results/filtered/filtered_h3nx_ns.txt             --group-by year country host subtype             --sequences-per-group 30             --min-date 1960             --exclude-where host=ferret             --min-length 800             --non-nucleotide
        
[Fri Jun 21 14:02:24 2024]
Finished job 50.
12 of 73 steps (16%) done
Select jobs to execute...

[Fri Jun 21 14:02:24 2024]
Job 49: 
        Aligning sequences to config/references/h3nx_pa.gb
          - filling gaps with N
        
Reason: Missing output files: results/alignments/aligned_h3nx_pa.fasta; Input files updated by another job: results/filtered/filtered_h3nx_pa.fasta


        augur align             --sequences results/filtered/filtered_h3nx_pa.fasta             --reference-sequence config/references/h3nx_pa.gb             --output results/alignments/aligned_h3nx_pa.fasta             --remove-reference             --nthreads 1
        
[Fri Jun 21 14:02:24 2024]
Finished job 14.
13 of 73 steps (18%) done
Select jobs to execute...

[Fri Jun 21 14:02:24 2024]
Job 13: 
        Aligning sequences to config/references/h3nx_pb2.gb
          - filling gaps with N
        
Reason: Missing output files: results/alignments/aligned_h3nx_pb2.fasta; Input files updated by another job: results/filtered/filtered_h3nx_pb2.fasta


        augur align             --sequences results/filtered/filtered_h3nx_pb2.fasta             --reference-sequence config/references/h3nx_pb2.gb             --output results/alignments/aligned_h3nx_pb2.fasta             --remove-reference             --nthreads 1
        
[Fri Jun 21 14:02:24 2024]
Finished job 23.
14 of 73 steps (19%) done
Select jobs to execute...

[Fri Jun 21 14:02:24 2024]
Job 22: 
        Aligning sequences to config/references/h3nx_pb1.gb
          - filling gaps with N
        
Reason: Missing output files: results/alignments/aligned_h3nx_pb1.fasta; Input files updated by another job: results/filtered/filtered_h3nx_pb1.fasta


        augur align             --sequences results/filtered/filtered_h3nx_pb1.fasta             --reference-sequence config/references/h3nx_pb1.gb             --output results/alignments/aligned_h3nx_pb1.fasta             --remove-reference             --nthreads 1
        
[Fri Jun 21 14:02:26 2024]
Finished job 59.
15 of 73 steps (21%) done
Select jobs to execute...

[Fri Jun 21 14:02:26 2024]
Job 31: 
        Aligning sequences to config/references/h3nx_na.gb
          - filling gaps with N
        
Reason: Missing output files: results/alignments/aligned_h3nx_na.fasta; Input files updated by another job: results/filtered/filtered_h3nx_na.fasta


        augur align             --sequences results/filtered/filtered_h3nx_na.fasta             --reference-sequence config/references/h3nx_na.gb             --output results/alignments/aligned_h3nx_na.fasta             --remove-reference             --nthreads 1
        
[Fri Jun 21 14:02:26 2024]
Finished job 68.
16 of 73 steps (22%) done
Select jobs to execute...

[Fri Jun 21 14:02:26 2024]
Job 40: 
        Aligning sequences to config/references/h3nx_np.gb
          - filling gaps with N
        
Reason: Missing output files: results/alignments/aligned_h3nx_np.fasta; Input files updated by another job: results/filtered/filtered_h3nx_np.fasta


        augur align             --sequences results/filtered/filtered_h3nx_np.fasta             --reference-sequence config/references/h3nx_np.gb             --output results/alignments/aligned_h3nx_np.fasta             --remove-reference             --nthreads 1
        
[Fri Jun 21 14:24:35 2024]
Finished job 40.
17 of 73 steps (23%) done
Select jobs to execute...

[Fri Jun 21 14:24:35 2024]
Job 39: Building tree
Reason: Missing output files: results/iqtree/raw_tree/tree-raw_h3nx_np.nwk; Input files updated by another job: results/alignments/aligned_h3nx_np.fasta


        augur tree             --alignment results/alignments/aligned_h3nx_np.fasta             --output results/iqtree/raw_tree/tree-raw_h3nx_np.nwk             --method iqtree             --nthreads 1
        
[Fri Jun 21 14:26:50 2024]
Finished job 31.
18 of 73 steps (25%) done
Select jobs to execute...

[Fri Jun 21 14:26:50 2024]
Job 30: Building tree
Reason: Missing output files: results/iqtree/raw_tree/tree-raw_h3nx_na.nwk; Input files updated by another job: results/alignments/aligned_h3nx_na.fasta


        augur tree             --alignment results/alignments/aligned_h3nx_na.fasta             --output results/iqtree/raw_tree/tree-raw_h3nx_na.nwk             --method iqtree             --nthreads 1
        
[Fri Jun 21 14:32:28 2024]
Finished job 49.
19 of 73 steps (26%) done
Select jobs to execute...

[Fri Jun 21 14:32:28 2024]
Job 48: Building tree
Reason: Missing output files: results/iqtree/raw_tree/tree-raw_h3nx_pa.nwk; Input files updated by another job: results/alignments/aligned_h3nx_pa.fasta


        augur tree             --alignment results/alignments/aligned_h3nx_pa.fasta             --output results/iqtree/raw_tree/tree-raw_h3nx_pa.nwk             --method iqtree             --nthreads 1
        
[Fri Jun 21 14:33:46 2024]
Finished job 13.
20 of 73 steps (27%) done
Select jobs to execute...

[Fri Jun 21 14:33:46 2024]
Job 12: Building tree
Reason: Missing output files: results/iqtree/raw_tree/tree-raw_h3nx_pb2.nwk; Input files updated by another job: results/alignments/aligned_h3nx_pb2.fasta


        augur tree             --alignment results/alignments/aligned_h3nx_pb2.fasta             --output results/iqtree/raw_tree/tree-raw_h3nx_pb2.nwk             --method iqtree             --nthreads 1
        
[Fri Jun 21 14:34:01 2024]
Finished job 22.
21 of 73 steps (29%) done
Select jobs to execute...

[Fri Jun 21 14:34:01 2024]
Job 21: Building tree
Reason: Missing output files: results/iqtree/raw_tree/tree-raw_h3nx_pb1.nwk; Input files updated by another job: results/alignments/aligned_h3nx_pb1.fasta


        augur tree             --alignment results/alignments/aligned_h3nx_pb1.fasta             --output results/iqtree/raw_tree/tree-raw_h3nx_pb1.nwk             --method iqtree             --nthreads 1
        
[Fri Jun 21 14:34:15 2024]
Finished job 4.
22 of 73 steps (30%) done
Select jobs to execute...

[Fri Jun 21 14:34:15 2024]
Job 3: Building tree
Reason: Missing output files: results/iqtree/raw_tree/tree-raw_h3nx_ha.nwk; Input files updated by another job: results/alignments/aligned_h3nx_ha.fasta


        augur tree             --alignment results/alignments/aligned_h3nx_ha.fasta             --output results/iqtree/raw_tree/tree-raw_h3nx_ha.nwk             --method iqtree             --nthreads 1
        
[Fri Jun 21 15:09:34 2024]
Finished job 39.
23 of 73 steps (32%) done
Select jobs to execute...

[Fri Jun 21 15:09:34 2024]
Job 38: 
        Refining tree
          - estimate timetree
          - use const coalescent timescale
          - estimate marginal node dates
        
Reason: Missing output files: results/iqtree/timed_tree/tree_h3nx_np.nwk, results/iqtree/branch_lengths/branch-lengths_h3nx_np.json; Input files updated by another job: results/metadata/metadata_h3nx_np.tsv, results/alignments/aligned_h3nx_np.fasta, results/iqtree/raw_tree/tree-raw_h3nx_np.nwk


        augur refine             --tree results/iqtree/raw_tree/tree-raw_h3nx_np.nwk             --alignment results/alignments/aligned_h3nx_np.fasta             --metadata results/metadata/metadata_h3nx_np.tsv             --output-tree results/iqtree/timed_tree/tree_h3nx_np.nwk             --output-node-data results/iqtree/branch_lengths/branch-lengths_h3nx_np.json             --timetree             --coalescent const             --date-confidence             --date-inference marginal             --clock-filter-iqd 4
        
[Fri Jun 21 15:21:29 2024]
Finished job 38.
24 of 73 steps (33%) done
Select jobs to execute...

[Fri Jun 21 15:21:29 2024]
Job 44: Reconstructing ancestral sequences and mutations
Reason: Missing output files: results/tree/nt_muts/nt-muts_h3nx_np.json; Input files updated by another job: results/alignments/aligned_h3nx_np.fasta, results/iqtree/timed_tree/tree_h3nx_np.nwk


        augur ancestral             --tree results/iqtree/timed_tree/tree_h3nx_np.nwk             --alignment results/alignments/aligned_h3nx_np.fasta             --output-node-data results/tree/nt_muts/nt-muts_h3nx_np.json             --inference joint            --keep-ambiguous
        
[Fri Jun 21 15:21:44 2024]
Finished job 44.
25 of 73 steps (34%) done
Select jobs to execute...

[Fri Jun 21 15:21:44 2024]
Job 45: Translating amino acid sequences
Reason: Missing output files: results/tree/aa_muts/aa-muts_h3nx_np.json; Input files updated by another job: results/tree/nt_muts/nt-muts_h3nx_np.json, results/iqtree/timed_tree/tree_h3nx_np.nwk


        augur translate             --tree results/iqtree/timed_tree/tree_h3nx_np.nwk             --ancestral-sequences results/tree/nt_muts/nt-muts_h3nx_np.json             --reference-sequence config/references/h3nx_np.gb             --output results/tree/aa_muts/aa-muts_h3nx_np.json
        
[Fri Jun 21 15:21:47 2024]
Finished job 45.
26 of 73 steps (36%) done
Select jobs to execute...

[Fri Jun 21 15:21:47 2024]
Job 67: 
        Aligning sequences to config/references/h3nx_mp.gb
          - filling gaps with N
        
Reason: Missing output files: results/alignments/aligned_h3nx_mp.fasta; Input files updated by another job: results/filtered/filtered_h3nx_mp.fasta


        augur align             --sequences results/filtered/filtered_h3nx_mp.fasta             --reference-sequence config/references/h3nx_mp.gb             --output results/alignments/aligned_h3nx_mp.fasta             --remove-reference             --nthreads 1
        
[Fri Jun 21 15:23:58 2024]
Finished job 30.
27 of 73 steps (37%) done
Select jobs to execute...

[Fri Jun 21 15:23:58 2024]
Job 29: 
        Refining tree
          - estimate timetree
          - use const coalescent timescale
          - estimate marginal node dates
        
Reason: Missing output files: results/iqtree/timed_tree/tree_h3nx_na.nwk, results/iqtree/branch_lengths/branch-lengths_h3nx_na.json; Input files updated by another job: results/alignments/aligned_h3nx_na.fasta, results/metadata/metadata_h3nx_na.tsv, results/iqtree/raw_tree/tree-raw_h3nx_na.nwk


        augur refine             --tree results/iqtree/raw_tree/tree-raw_h3nx_na.nwk             --alignment results/alignments/aligned_h3nx_na.fasta             --metadata results/metadata/metadata_h3nx_na.tsv             --output-tree results/iqtree/timed_tree/tree_h3nx_na.nwk             --output-node-data results/iqtree/branch_lengths/branch-lengths_h3nx_na.json             --timetree             --coalescent const             --date-confidence             --date-inference marginal             --clock-filter-iqd 4
        
[Fri Jun 21 15:26:57 2024]
Finished job 48.
28 of 73 steps (38%) done
Select jobs to execute...

[Fri Jun 21 15:26:57 2024]
Job 47: 
        Refining tree
          - estimate timetree
          - use const coalescent timescale
          - estimate marginal node dates
        
Reason: Missing output files: results/iqtree/timed_tree/tree_h3nx_pa.nwk, results/iqtree/branch_lengths/branch-lengths_h3nx_pa.json; Input files updated by another job: results/iqtree/raw_tree/tree-raw_h3nx_pa.nwk, results/alignments/aligned_h3nx_pa.fasta, results/metadata/metadata_h3nx_pa.tsv


        augur refine             --tree results/iqtree/raw_tree/tree-raw_h3nx_pa.nwk             --alignment results/alignments/aligned_h3nx_pa.fasta             --metadata results/metadata/metadata_h3nx_pa.tsv             --output-tree results/iqtree/timed_tree/tree_h3nx_pa.nwk             --output-node-data results/iqtree/branch_lengths/branch-lengths_h3nx_pa.json             --timetree             --coalescent const             --date-confidence             --date-inference marginal             --clock-filter-iqd 4
        
[Fri Jun 21 15:30:34 2024]
Finished job 21.
29 of 73 steps (40%) done
Select jobs to execute...

[Fri Jun 21 15:30:34 2024]
Job 20: 
        Refining tree
          - estimate timetree
          - use const coalescent timescale
          - estimate marginal node dates
        
Reason: Missing output files: results/iqtree/branch_lengths/branch-lengths_h3nx_pb1.json, results/iqtree/timed_tree/tree_h3nx_pb1.nwk; Input files updated by another job: results/alignments/aligned_h3nx_pb1.fasta, results/metadata/metadata_h3nx_pb1.tsv, results/iqtree/raw_tree/tree-raw_h3nx_pb1.nwk


        augur refine             --tree results/iqtree/raw_tree/tree-raw_h3nx_pb1.nwk             --alignment results/alignments/aligned_h3nx_pb1.fasta             --metadata results/metadata/metadata_h3nx_pb1.tsv             --output-tree results/iqtree/timed_tree/tree_h3nx_pb1.nwk             --output-node-data results/iqtree/branch_lengths/branch-lengths_h3nx_pb1.json             --timetree             --coalescent const             --date-confidence             --date-inference marginal             --clock-filter-iqd 4
        
[Fri Jun 21 15:31:30 2024]
Finished job 12.
30 of 73 steps (41%) done
Select jobs to execute...

[Fri Jun 21 15:31:30 2024]
Job 11: 
        Refining tree
          - estimate timetree
          - use const coalescent timescale
          - estimate marginal node dates
        
Reason: Missing output files: results/iqtree/timed_tree/tree_h3nx_pb2.nwk, results/iqtree/branch_lengths/branch-lengths_h3nx_pb2.json; Input files updated by another job: results/iqtree/raw_tree/tree-raw_h3nx_pb2.nwk, results/alignments/aligned_h3nx_pb2.fasta, results/metadata/metadata_h3nx_pb2.tsv


        augur refine             --tree results/iqtree/raw_tree/tree-raw_h3nx_pb2.nwk             --alignment results/alignments/aligned_h3nx_pb2.fasta             --metadata results/metadata/metadata_h3nx_pb2.tsv             --output-tree results/iqtree/timed_tree/tree_h3nx_pb2.nwk             --output-node-data results/iqtree/branch_lengths/branch-lengths_h3nx_pb2.json             --timetree             --coalescent const             --date-confidence             --date-inference marginal             --clock-filter-iqd 4
        
[Fri Jun 21 15:36:57 2024]
Finished job 29.
31 of 73 steps (42%) done
Select jobs to execute...

[Fri Jun 21 15:36:57 2024]
Job 35: Reconstructing ancestral sequences and mutations
Reason: Missing output files: results/tree/nt_muts/nt-muts_h3nx_na.json; Input files updated by another job: results/alignments/aligned_h3nx_na.fasta, results/iqtree/timed_tree/tree_h3nx_na.nwk


        augur ancestral             --tree results/iqtree/timed_tree/tree_h3nx_na.nwk             --alignment results/alignments/aligned_h3nx_na.fasta             --output-node-data results/tree/nt_muts/nt-muts_h3nx_na.json             --inference joint            --keep-ambiguous
        
[Fri Jun 21 15:37:15 2024]
Finished job 35.
32 of 73 steps (44%) done
Select jobs to execute...

[Fri Jun 21 15:37:15 2024]
Job 36: Translating amino acid sequences
Reason: Missing output files: results/tree/aa_muts/aa-muts_h3nx_na.json; Input files updated by another job: results/tree/nt_muts/nt-muts_h3nx_na.json, results/iqtree/timed_tree/tree_h3nx_na.nwk


        augur translate             --tree results/iqtree/timed_tree/tree_h3nx_na.nwk             --ancestral-sequences results/tree/nt_muts/nt-muts_h3nx_na.json             --reference-sequence config/references/h3nx_na.gb             --output results/tree/aa_muts/aa-muts_h3nx_na.json
        
[Fri Jun 21 15:37:19 2024]
Finished job 36.
33 of 73 steps (45%) done
Select jobs to execute...

[Fri Jun 21 15:37:19 2024]
Job 58: 
        Aligning sequences to config/references/h3nx_ns.gb
          - filling gaps with N
        
Reason: Missing output files: results/alignments/aligned_h3nx_ns.fasta; Input files updated by another job: results/filtered/filtered_h3nx_ns.fasta


        augur align             --sequences results/filtered/filtered_h3nx_ns.fasta             --reference-sequence config/references/h3nx_ns.gb             --output results/alignments/aligned_h3nx_ns.fasta             --remove-reference             --nthreads 1
        
[Fri Jun 21 15:37:34 2024]
Finished job 67.
34 of 73 steps (47%) done
Select jobs to execute...

[Fri Jun 21 15:37:34 2024]
Job 66: Building tree
Reason: Missing output files: results/iqtree/raw_tree/tree-raw_h3nx_mp.nwk; Input files updated by another job: results/alignments/aligned_h3nx_mp.fasta


        augur tree             --alignment results/alignments/aligned_h3nx_mp.fasta             --output results/iqtree/raw_tree/tree-raw_h3nx_mp.nwk             --method iqtree             --nthreads 1
        
[Fri Jun 21 15:40:29 2024]
Finished job 47.
35 of 73 steps (48%) done
Select jobs to execute...

[Fri Jun 21 15:40:29 2024]
Job 53: Reconstructing ancestral sequences and mutations
Reason: Missing output files: results/tree/nt_muts/nt-muts_h3nx_pa.json; Input files updated by another job: results/iqtree/timed_tree/tree_h3nx_pa.nwk, results/alignments/aligned_h3nx_pa.fasta


        augur ancestral             --tree results/iqtree/timed_tree/tree_h3nx_pa.nwk             --alignment results/alignments/aligned_h3nx_pa.fasta             --output-node-data results/tree/nt_muts/nt-muts_h3nx_pa.json             --inference joint            --keep-ambiguous
        
[Fri Jun 21 15:40:50 2024]
Finished job 53.
36 of 73 steps (49%) done
Select jobs to execute...

[Fri Jun 21 15:40:50 2024]
Job 54: Translating amino acid sequences
Reason: Missing output files: results/tree/aa_muts/aa-muts_h3nx_pa.json; Input files updated by another job: results/iqtree/timed_tree/tree_h3nx_pa.nwk, results/tree/nt_muts/nt-muts_h3nx_pa.json


        augur translate             --tree results/iqtree/timed_tree/tree_h3nx_pa.nwk             --ancestral-sequences results/tree/nt_muts/nt-muts_h3nx_pa.json             --reference-sequence config/references/h3nx_pa.gb             --output results/tree/aa_muts/aa-muts_h3nx_pa.json
        
[Fri Jun 21 15:40:54 2024]
Finished job 54.
37 of 73 steps (51%) done
Select jobs to execute...

[Fri Jun 21 15:40:54 2024]
Job 34: Inferring ancestral traits for host country region subtype order
Reason: Missing output files: results/tree/traits/traits_h3nx_na.json; Input files updated by another job: results/iqtree/timed_tree/tree_h3nx_na.nwk, results/metadata/metadata_h3nx_na.tsv


        augur traits             --tree results/iqtree/timed_tree/tree_h3nx_na.nwk             --metadata results/metadata/metadata_h3nx_na.tsv             --output results/tree/traits/traits_h3nx_na.json             --columns host country region subtype order             --confidence
        
[Fri Jun 21 15:43:03 2024]
Finished job 11.
38 of 73 steps (52%) done
Select jobs to execute...

[Fri Jun 21 15:43:03 2024]
Job 17: Reconstructing ancestral sequences and mutations
Reason: Missing output files: results/tree/nt_muts/nt-muts_h3nx_pb2.json; Input files updated by another job: results/alignments/aligned_h3nx_pb2.fasta, results/iqtree/timed_tree/tree_h3nx_pb2.nwk


        augur ancestral             --tree results/iqtree/timed_tree/tree_h3nx_pb2.nwk             --alignment results/alignments/aligned_h3nx_pb2.fasta             --output-node-data results/tree/nt_muts/nt-muts_h3nx_pb2.json             --inference joint            --keep-ambiguous
        
[Fri Jun 21 15:43:26 2024]
Finished job 17.
39 of 73 steps (53%) done
Select jobs to execute...

[Fri Jun 21 15:43:26 2024]
Job 18: Translating amino acid sequences
Reason: Missing output files: results/tree/aa_muts/aa-muts_h3nx_pb2.json; Input files updated by another job: results/tree/nt_muts/nt-muts_h3nx_pb2.json, results/iqtree/timed_tree/tree_h3nx_pb2.nwk


        augur translate             --tree results/iqtree/timed_tree/tree_h3nx_pb2.nwk             --ancestral-sequences results/tree/nt_muts/nt-muts_h3nx_pb2.json             --reference-sequence config/references/h3nx_pb2.gb             --output results/tree/aa_muts/aa-muts_h3nx_pb2.json
        
[Fri Jun 21 15:43:30 2024]
Finished job 18.
40 of 73 steps (55%) done
Select jobs to execute...

[Fri Jun 21 15:43:30 2024]
Job 43: Inferring ancestral traits for host country region subtype order
Reason: Missing output files: results/tree/traits/traits_h3nx_np.json; Input files updated by another job: results/metadata/metadata_h3nx_np.tsv, results/iqtree/timed_tree/tree_h3nx_np.nwk


        augur traits             --tree results/iqtree/timed_tree/tree_h3nx_np.nwk             --metadata results/metadata/metadata_h3nx_np.tsv             --output results/tree/traits/traits_h3nx_np.json             --columns host country region subtype order             --confidence
        
[Fri Jun 21 15:43:51 2024]
Finished job 3.
41 of 73 steps (56%) done
Select jobs to execute...

[Fri Jun 21 15:43:51 2024]
Job 2: 
        Refining tree
          - estimate timetree
          - use const coalescent timescale
          - estimate marginal node dates
        
Reason: Missing output files: results/iqtree/branch_lengths/branch-lengths_h3nx_ha.json, results/iqtree/timed_tree/tree_h3nx_ha.nwk; Input files updated by another job: results/metadata/metadata_h3nx_ha.tsv, results/iqtree/raw_tree/tree-raw_h3nx_ha.nwk, results/alignments/aligned_h3nx_ha.fasta


        augur refine             --tree results/iqtree/raw_tree/tree-raw_h3nx_ha.nwk             --alignment results/alignments/aligned_h3nx_ha.fasta             --metadata results/metadata/metadata_h3nx_ha.tsv             --output-tree results/iqtree/timed_tree/tree_h3nx_ha.nwk             --output-node-data results/iqtree/branch_lengths/branch-lengths_h3nx_ha.json             --timetree             --coalescent const             --date-confidence             --date-inference marginal             --clock-filter-iqd 4
        
[Fri Jun 21 15:44:10 2024]
Finished job 20.
42 of 73 steps (58%) done
Select jobs to execute...

[Fri Jun 21 15:44:10 2024]
Job 26: Reconstructing ancestral sequences and mutations
Reason: Missing output files: results/tree/nt_muts/nt-muts_h3nx_pb1.json; Input files updated by another job: results/alignments/aligned_h3nx_pb1.fasta, results/iqtree/timed_tree/tree_h3nx_pb1.nwk


        augur ancestral             --tree results/iqtree/timed_tree/tree_h3nx_pb1.nwk             --alignment results/alignments/aligned_h3nx_pb1.fasta             --output-node-data results/tree/nt_muts/nt-muts_h3nx_pb1.json             --inference joint            --keep-ambiguous
        
[Fri Jun 21 15:44:31 2024]
Finished job 26.
43 of 73 steps (59%) done
Select jobs to execute...

[Fri Jun 21 15:44:31 2024]
Job 27: Translating amino acid sequences
Reason: Missing output files: results/tree/aa_muts/aa-muts_h3nx_pb1.json; Input files updated by another job: results/tree/nt_muts/nt-muts_h3nx_pb1.json, results/iqtree/timed_tree/tree_h3nx_pb1.nwk


        augur translate             --tree results/iqtree/timed_tree/tree_h3nx_pb1.nwk             --ancestral-sequences results/tree/nt_muts/nt-muts_h3nx_pb1.json             --reference-sequence config/references/h3nx_pb1.gb             --output results/tree/aa_muts/aa-muts_h3nx_pb1.json
        
[Fri Jun 21 15:44:34 2024]
Finished job 27.
44 of 73 steps (60%) done
Select jobs to execute...

[Fri Jun 21 15:44:34 2024]
Job 52: Inferring ancestral traits for host country region subtype order
Reason: Missing output files: results/tree/traits/traits_h3nx_pa.json; Input files updated by another job: results/iqtree/timed_tree/tree_h3nx_pa.nwk, results/metadata/metadata_h3nx_pa.tsv


        augur traits             --tree results/iqtree/timed_tree/tree_h3nx_pa.nwk             --metadata results/metadata/metadata_h3nx_pa.tsv             --output results/tree/traits/traits_h3nx_pa.json             --columns host country region subtype order             --confidence
        
[Fri Jun 21 15:45:33 2024]
Finished job 34.
45 of 73 steps (62%) done
Select jobs to execute...

[Fri Jun 21 15:45:33 2024]
Job 28: Exporting data files for for auspice
Reason: Missing output files: auspice/nonhuman_influenza_h3nx_na.json; Input files updated by another job: results/tree/traits/traits_h3nx_na.json, results/tree/nt_muts/nt-muts_h3nx_na.json, results/iqtree/timed_tree/tree_h3nx_na.nwk, results/metadata/metadata_h3nx_na.tsv, results/tree/aa_muts/aa-muts_h3nx_na.json, results/iqtree/branch_lengths/branch-lengths_h3nx_na.json


        augur export v2             --tree results/iqtree/timed_tree/tree_h3nx_na.nwk             --metadata results/metadata/metadata_h3nx_na.tsv             --node-data results/iqtree/branch_lengths/branch-lengths_h3nx_na.json results/tree/traits/traits_h3nx_na.json results/tree/nt_muts/nt-muts_h3nx_na.json results/tree/aa_muts/aa-muts_h3nx_na.json            --auspice-config config/auspice_config_h3nx.json             --include-root-sequence 			--colors config/colors_h3nx.tsv 			--lat-longs config/lat_longs_h3nx.tsv             --output auspice/nonhuman_influenza_h3nx_na.json
        
[Fri Jun 21 15:46:04 2024]
Finished job 28.
46 of 73 steps (63%) done
Select jobs to execute...

[Fri Jun 21 15:46:04 2024]
Job 16: Inferring ancestral traits for host country region subtype order
Reason: Missing output files: results/tree/traits/traits_h3nx_pb2.json; Input files updated by another job: results/metadata/metadata_h3nx_pb2.tsv, results/iqtree/timed_tree/tree_h3nx_pb2.nwk


        augur traits             --tree results/iqtree/timed_tree/tree_h3nx_pb2.nwk             --metadata results/metadata/metadata_h3nx_pb2.tsv             --output results/tree/traits/traits_h3nx_pb2.json             --columns host country region subtype order             --confidence
        
[Fri Jun 21 15:47:00 2024]
Finished job 43.
47 of 73 steps (64%) done
Select jobs to execute...

[Fri Jun 21 15:47:00 2024]
Job 37: Exporting data files for for auspice
Reason: Missing output files: auspice/nonhuman_influenza_h3nx_np.json; Input files updated by another job: results/metadata/metadata_h3nx_np.tsv, results/iqtree/timed_tree/tree_h3nx_np.nwk, results/tree/traits/traits_h3nx_np.json, results/tree/nt_muts/nt-muts_h3nx_np.json, results/iqtree/branch_lengths/branch-lengths_h3nx_np.json, results/tree/aa_muts/aa-muts_h3nx_np.json


        augur export v2             --tree results/iqtree/timed_tree/tree_h3nx_np.nwk             --metadata results/metadata/metadata_h3nx_np.tsv             --node-data results/iqtree/branch_lengths/branch-lengths_h3nx_np.json results/tree/traits/traits_h3nx_np.json results/tree/nt_muts/nt-muts_h3nx_np.json results/tree/aa_muts/aa-muts_h3nx_np.json            --auspice-config config/auspice_config_h3nx.json             --include-root-sequence 			--colors config/colors_h3nx.tsv 			--lat-longs config/lat_longs_h3nx.tsv             --output auspice/nonhuman_influenza_h3nx_np.json
        
[Fri Jun 21 15:47:13 2024]
Finished job 52.
48 of 73 steps (66%) done
Select jobs to execute...

[Fri Jun 21 15:47:13 2024]
Job 46: Exporting data files for for auspice
Reason: Missing output files: auspice/nonhuman_influenza_h3nx_pa.json; Input files updated by another job: results/iqtree/timed_tree/tree_h3nx_pa.nwk, results/tree/nt_muts/nt-muts_h3nx_pa.json, results/tree/aa_muts/aa-muts_h3nx_pa.json, results/tree/traits/traits_h3nx_pa.json, results/iqtree/branch_lengths/branch-lengths_h3nx_pa.json, results/metadata/metadata_h3nx_pa.tsv


        augur export v2             --tree results/iqtree/timed_tree/tree_h3nx_pa.nwk             --metadata results/metadata/metadata_h3nx_pa.tsv             --node-data results/iqtree/branch_lengths/branch-lengths_h3nx_pa.json results/tree/traits/traits_h3nx_pa.json results/tree/nt_muts/nt-muts_h3nx_pa.json results/tree/aa_muts/aa-muts_h3nx_pa.json            --auspice-config config/auspice_config_h3nx.json             --include-root-sequence 			--colors config/colors_h3nx.tsv 			--lat-longs config/lat_longs_h3nx.tsv             --output auspice/nonhuman_influenza_h3nx_pa.json
        
[Fri Jun 21 15:47:27 2024]
Finished job 37.
49 of 73 steps (67%) done
Select jobs to execute...

[Fri Jun 21 15:47:27 2024]
Job 25: Inferring ancestral traits for host country region subtype order
Reason: Missing output files: results/tree/traits/traits_h3nx_pb1.json; Input files updated by another job: results/metadata/metadata_h3nx_pb1.tsv, results/iqtree/timed_tree/tree_h3nx_pb1.nwk


        augur traits             --tree results/iqtree/timed_tree/tree_h3nx_pb1.nwk             --metadata results/metadata/metadata_h3nx_pb1.tsv             --output results/tree/traits/traits_h3nx_pb1.json             --columns host country region subtype order             --confidence
        
[Fri Jun 21 15:47:44 2024]
Finished job 46.
50 of 73 steps (68%) done
[Fri Jun 21 15:48:29 2024]
Finished job 16.
51 of 73 steps (70%) done
Select jobs to execute...

[Fri Jun 21 15:48:29 2024]
Job 10: Exporting data files for for auspice
Reason: Missing output files: auspice/nonhuman_influenza_h3nx_pb2.json; Input files updated by another job: results/tree/traits/traits_h3nx_pb2.json, results/tree/aa_muts/aa-muts_h3nx_pb2.json, results/iqtree/timed_tree/tree_h3nx_pb2.nwk, results/metadata/metadata_h3nx_pb2.tsv, results/tree/nt_muts/nt-muts_h3nx_pb2.json, results/iqtree/branch_lengths/branch-lengths_h3nx_pb2.json


        augur export v2             --tree results/iqtree/timed_tree/tree_h3nx_pb2.nwk             --metadata results/metadata/metadata_h3nx_pb2.tsv             --node-data results/iqtree/branch_lengths/branch-lengths_h3nx_pb2.json results/tree/traits/traits_h3nx_pb2.json results/tree/nt_muts/nt-muts_h3nx_pb2.json results/tree/aa_muts/aa-muts_h3nx_pb2.json            --auspice-config config/auspice_config_h3nx.json             --include-root-sequence 			--colors config/colors_h3nx.tsv 			--lat-longs config/lat_longs_h3nx.tsv             --output auspice/nonhuman_influenza_h3nx_pb2.json
        
[Fri Jun 21 15:48:48 2024]
Finished job 10.
52 of 73 steps (71%) done
[Fri Jun 21 15:50:32 2024]
Finished job 25.
53 of 73 steps (73%) done
Select jobs to execute...

[Fri Jun 21 15:50:32 2024]
Job 19: Exporting data files for for auspice
Reason: Missing output files: auspice/nonhuman_influenza_h3nx_pb1.json; Input files updated by another job: results/tree/aa_muts/aa-muts_h3nx_pb1.json, results/tree/nt_muts/nt-muts_h3nx_pb1.json, results/iqtree/branch_lengths/branch-lengths_h3nx_pb1.json, results/metadata/metadata_h3nx_pb1.tsv, results/tree/traits/traits_h3nx_pb1.json, results/iqtree/timed_tree/tree_h3nx_pb1.nwk


        augur export v2             --tree results/iqtree/timed_tree/tree_h3nx_pb1.nwk             --metadata results/metadata/metadata_h3nx_pb1.tsv             --node-data results/iqtree/branch_lengths/branch-lengths_h3nx_pb1.json results/tree/traits/traits_h3nx_pb1.json results/tree/nt_muts/nt-muts_h3nx_pb1.json results/tree/aa_muts/aa-muts_h3nx_pb1.json            --auspice-config config/auspice_config_h3nx.json             --include-root-sequence 			--colors config/colors_h3nx.tsv 			--lat-longs config/lat_longs_h3nx.tsv             --output auspice/nonhuman_influenza_h3nx_pb1.json
        
[Fri Jun 21 15:50:53 2024]
Finished job 19.
54 of 73 steps (74%) done
[Fri Jun 21 15:51:15 2024]
Finished job 58.
55 of 73 steps (75%) done
Select jobs to execute...

[Fri Jun 21 15:51:15 2024]
Job 57: Building tree
Reason: Missing output files: results/iqtree/raw_tree/tree-raw_h3nx_ns.nwk; Input files updated by another job: results/alignments/aligned_h3nx_ns.fasta


        augur tree             --alignment results/alignments/aligned_h3nx_ns.fasta             --output results/iqtree/raw_tree/tree-raw_h3nx_ns.nwk             --method iqtree             --nthreads 1
        
[Fri Jun 21 15:56:55 2024]
Finished job 66.
56 of 73 steps (77%) done
Select jobs to execute...

[Fri Jun 21 15:56:55 2024]
Job 65: 
        Refining tree
          - estimate timetree
          - use const coalescent timescale
          - estimate marginal node dates
        
Reason: Missing output files: results/iqtree/timed_tree/tree_h3nx_mp.nwk, results/iqtree/branch_lengths/branch-lengths_h3nx_mp.json; Input files updated by another job: results/iqtree/raw_tree/tree-raw_h3nx_mp.nwk, results/metadata/metadata_h3nx_mp.tsv, results/alignments/aligned_h3nx_mp.fasta


        augur refine             --tree results/iqtree/raw_tree/tree-raw_h3nx_mp.nwk             --alignment results/alignments/aligned_h3nx_mp.fasta             --metadata results/metadata/metadata_h3nx_mp.tsv             --output-tree results/iqtree/timed_tree/tree_h3nx_mp.nwk             --output-node-data results/iqtree/branch_lengths/branch-lengths_h3nx_mp.json             --timetree             --coalescent const             --date-confidence             --date-inference marginal             --clock-filter-iqd 4
        
[Fri Jun 21 15:57:37 2024]
Finished job 2.
57 of 73 steps (78%) done
Select jobs to execute...

[Fri Jun 21 15:57:37 2024]
Job 7: Inferring ancestral traits for host country region subtype order
Reason: Missing output files: results/tree/traits/traits_h3nx_ha.json; Input files updated by another job: results/metadata/metadata_h3nx_ha.tsv, results/iqtree/timed_tree/tree_h3nx_ha.nwk


        augur traits             --tree results/iqtree/timed_tree/tree_h3nx_ha.nwk             --metadata results/metadata/metadata_h3nx_ha.tsv             --output results/tree/traits/traits_h3nx_ha.json             --columns host country region subtype order             --confidence
        

[Fri Jun 21 15:57:37 2024]
Job 8: Reconstructing ancestral sequences and mutations
Reason: Missing output files: results/tree/nt_muts/nt-muts_h3nx_ha.json; Input files updated by another job: results/iqtree/timed_tree/tree_h3nx_ha.nwk, results/alignments/aligned_h3nx_ha.fasta


        augur ancestral             --tree results/iqtree/timed_tree/tree_h3nx_ha.nwk             --alignment results/alignments/aligned_h3nx_ha.fasta             --output-node-data results/tree/nt_muts/nt-muts_h3nx_ha.json             --inference joint            --keep-ambiguous
        
[Fri Jun 21 15:57:58 2024]
Finished job 8.
58 of 73 steps (79%) done
Select jobs to execute...

[Fri Jun 21 15:57:58 2024]
Job 9: Translating amino acid sequences
Reason: Missing output files: results/tree/aa_muts/aa-muts_h3nx_ha.json; Input files updated by another job: results/tree/nt_muts/nt-muts_h3nx_ha.json, results/iqtree/timed_tree/tree_h3nx_ha.nwk


        augur translate             --tree results/iqtree/timed_tree/tree_h3nx_ha.nwk             --ancestral-sequences results/tree/nt_muts/nt-muts_h3nx_ha.json             --reference-sequence config/references/h3nx_ha.gb             --output results/tree/aa_muts/aa-muts_h3nx_ha.json
        
[Fri Jun 21 15:58:02 2024]
Finished job 9.
59 of 73 steps (81%) done
[Fri Jun 21 16:01:05 2024]
Finished job 7.
60 of 73 steps (82%) done
Select jobs to execute...

[Fri Jun 21 16:01:05 2024]
Job 1: Exporting data files for for auspice
Reason: Missing output files: auspice/nonhuman_influenza_h3nx_ha.json; Input files updated by another job: results/metadata/metadata_h3nx_ha.tsv, results/tree/nt_muts/nt-muts_h3nx_ha.json, results/tree/traits/traits_h3nx_ha.json, results/tree/aa_muts/aa-muts_h3nx_ha.json, results/iqtree/branch_lengths/branch-lengths_h3nx_ha.json, results/iqtree/timed_tree/tree_h3nx_ha.nwk


        augur export v2             --tree results/iqtree/timed_tree/tree_h3nx_ha.nwk             --metadata results/metadata/metadata_h3nx_ha.tsv             --node-data results/iqtree/branch_lengths/branch-lengths_h3nx_ha.json results/tree/traits/traits_h3nx_ha.json results/tree/nt_muts/nt-muts_h3nx_ha.json results/tree/aa_muts/aa-muts_h3nx_ha.json            --auspice-config config/auspice_config_h3nx.json             --include-root-sequence 			--colors config/colors_h3nx.tsv 			--lat-longs config/lat_longs_h3nx.tsv             --output auspice/nonhuman_influenza_h3nx_ha.json
        
[Fri Jun 21 16:01:34 2024]
Finished job 1.
61 of 73 steps (84%) done
[Fri Jun 21 16:09:06 2024]
Finished job 65.
62 of 73 steps (85%) done
Select jobs to execute...

[Fri Jun 21 16:09:06 2024]
Job 70: Inferring ancestral traits for host country region subtype order
Reason: Missing output files: results/tree/traits/traits_h3nx_mp.json; Input files updated by another job: results/metadata/metadata_h3nx_mp.tsv, results/iqtree/timed_tree/tree_h3nx_mp.nwk


        augur traits             --tree results/iqtree/timed_tree/tree_h3nx_mp.nwk             --metadata results/metadata/metadata_h3nx_mp.tsv             --output results/tree/traits/traits_h3nx_mp.json             --columns host country region subtype order             --confidence
        

[Fri Jun 21 16:09:06 2024]
Job 71: Reconstructing ancestral sequences and mutations
Reason: Missing output files: results/tree/nt_muts/nt-muts_h3nx_mp.json; Input files updated by another job: results/alignments/aligned_h3nx_mp.fasta, results/iqtree/timed_tree/tree_h3nx_mp.nwk


        augur ancestral             --tree results/iqtree/timed_tree/tree_h3nx_mp.nwk             --alignment results/alignments/aligned_h3nx_mp.fasta             --output-node-data results/tree/nt_muts/nt-muts_h3nx_mp.json             --inference joint            --keep-ambiguous
        
[Fri Jun 21 16:09:17 2024]
Finished job 71.
63 of 73 steps (86%) done
Select jobs to execute...

[Fri Jun 21 16:09:17 2024]
Job 72: Translating amino acid sequences
Reason: Missing output files: results/tree/aa_muts/aa-muts_h3nx_mp.json; Input files updated by another job: results/iqtree/timed_tree/tree_h3nx_mp.nwk, results/tree/nt_muts/nt-muts_h3nx_mp.json


        augur translate             --tree results/iqtree/timed_tree/tree_h3nx_mp.nwk             --ancestral-sequences results/tree/nt_muts/nt-muts_h3nx_mp.json             --reference-sequence config/references/h3nx_mp.gb             --output results/tree/aa_muts/aa-muts_h3nx_mp.json
        
[Fri Jun 21 16:09:19 2024]
Finished job 72.
64 of 73 steps (88%) done
[Fri Jun 21 16:13:30 2024]
Finished job 70.
65 of 73 steps (89%) done
Select jobs to execute...

[Fri Jun 21 16:13:30 2024]
Job 64: Exporting data files for for auspice
Reason: Missing output files: auspice/nonhuman_influenza_h3nx_mp.json; Input files updated by another job: results/tree/traits/traits_h3nx_mp.json, results/metadata/metadata_h3nx_mp.tsv, results/iqtree/timed_tree/tree_h3nx_mp.nwk, results/iqtree/branch_lengths/branch-lengths_h3nx_mp.json, results/tree/aa_muts/aa-muts_h3nx_mp.json, results/tree/nt_muts/nt-muts_h3nx_mp.json


        augur export v2             --tree results/iqtree/timed_tree/tree_h3nx_mp.nwk             --metadata results/metadata/metadata_h3nx_mp.tsv             --node-data results/iqtree/branch_lengths/branch-lengths_h3nx_mp.json results/tree/traits/traits_h3nx_mp.json results/tree/nt_muts/nt-muts_h3nx_mp.json results/tree/aa_muts/aa-muts_h3nx_mp.json            --auspice-config config/auspice_config_h3nx.json             --include-root-sequence 			--colors config/colors_h3nx.tsv 			--lat-longs config/lat_longs_h3nx.tsv             --output auspice/nonhuman_influenza_h3nx_mp.json
        
[Fri Jun 21 16:14:32 2024]
Finished job 57.
66 of 73 steps (90%) done
Select jobs to execute...

[Fri Jun 21 16:14:32 2024]
Job 56: 
        Refining tree
          - estimate timetree
          - use const coalescent timescale
          - estimate marginal node dates
        
Reason: Missing output files: results/iqtree/branch_lengths/branch-lengths_h3nx_ns.json, results/iqtree/timed_tree/tree_h3nx_ns.nwk; Input files updated by another job: results/iqtree/raw_tree/tree-raw_h3nx_ns.nwk, results/metadata/metadata_h3nx_ns.tsv, results/alignments/aligned_h3nx_ns.fasta


        augur refine             --tree results/iqtree/raw_tree/tree-raw_h3nx_ns.nwk             --alignment results/alignments/aligned_h3nx_ns.fasta             --metadata results/metadata/metadata_h3nx_ns.tsv             --output-tree results/iqtree/timed_tree/tree_h3nx_ns.nwk             --output-node-data results/iqtree/branch_lengths/branch-lengths_h3nx_ns.json             --timetree             --coalescent const             --date-confidence             --date-inference marginal             --clock-filter-iqd 4
        
[Fri Jun 21 16:14:37 2024]
Finished job 64.
67 of 73 steps (92%) done
[Fri Jun 21 16:24:36 2024]
Finished job 56.
68 of 73 steps (93%) done
Select jobs to execute...

[Fri Jun 21 16:24:36 2024]
Job 62: Reconstructing ancestral sequences and mutations
Reason: Missing output files: results/tree/nt_muts/nt-muts_h3nx_ns.json; Input files updated by another job: results/alignments/aligned_h3nx_ns.fasta, results/iqtree/timed_tree/tree_h3nx_ns.nwk


        augur ancestral             --tree results/iqtree/timed_tree/tree_h3nx_ns.nwk             --alignment results/alignments/aligned_h3nx_ns.fasta             --output-node-data results/tree/nt_muts/nt-muts_h3nx_ns.json             --inference joint            --keep-ambiguous
        

[Fri Jun 21 16:24:36 2024]
Job 61: Inferring ancestral traits for host country region subtype order
Reason: Missing output files: results/tree/traits/traits_h3nx_ns.json; Input files updated by another job: results/metadata/metadata_h3nx_ns.tsv, results/iqtree/timed_tree/tree_h3nx_ns.nwk


        augur traits             --tree results/iqtree/timed_tree/tree_h3nx_ns.nwk             --metadata results/metadata/metadata_h3nx_ns.tsv             --output results/tree/traits/traits_h3nx_ns.json             --columns host country region subtype order             --confidence
        
[Fri Jun 21 16:24:46 2024]
Finished job 62.
69 of 73 steps (95%) done
Select jobs to execute...

[Fri Jun 21 16:24:46 2024]
Job 63: Translating amino acid sequences
Reason: Missing output files: results/tree/aa_muts/aa-muts_h3nx_ns.json; Input files updated by another job: results/tree/nt_muts/nt-muts_h3nx_ns.json, results/iqtree/timed_tree/tree_h3nx_ns.nwk


        augur translate             --tree results/iqtree/timed_tree/tree_h3nx_ns.nwk             --ancestral-sequences results/tree/nt_muts/nt-muts_h3nx_ns.json             --reference-sequence config/references/h3nx_ns.gb             --output results/tree/aa_muts/aa-muts_h3nx_ns.json
        
[Fri Jun 21 16:24:48 2024]
Finished job 63.
70 of 73 steps (96%) done
[Fri Jun 21 16:27:00 2024]
Finished job 61.
71 of 73 steps (97%) done
Select jobs to execute...

[Fri Jun 21 16:27:00 2024]
Job 55: Exporting data files for for auspice
Reason: Missing output files: auspice/nonhuman_influenza_h3nx_ns.json; Input files updated by another job: results/metadata/metadata_h3nx_ns.tsv, results/iqtree/timed_tree/tree_h3nx_ns.nwk, results/tree/traits/traits_h3nx_ns.json, results/tree/nt_muts/nt-muts_h3nx_ns.json, results/tree/aa_muts/aa-muts_h3nx_ns.json, results/iqtree/branch_lengths/branch-lengths_h3nx_ns.json


        augur export v2             --tree results/iqtree/timed_tree/tree_h3nx_ns.nwk             --metadata results/metadata/metadata_h3nx_ns.tsv             --node-data results/iqtree/branch_lengths/branch-lengths_h3nx_ns.json results/tree/traits/traits_h3nx_ns.json results/tree/nt_muts/nt-muts_h3nx_ns.json results/tree/aa_muts/aa-muts_h3nx_ns.json            --auspice-config config/auspice_config_h3nx.json             --include-root-sequence 			--colors config/colors_h3nx.tsv 			--lat-longs config/lat_longs_h3nx.tsv             --output auspice/nonhuman_influenza_h3nx_ns.json
        
[Fri Jun 21 16:27:20 2024]
Finished job 55.
72 of 73 steps (99%) done
Select jobs to execute...

[Fri Jun 21 16:27:20 2024]
localrule all:
    input: auspice/nonhuman_influenza_h3nx_ha.json, auspice/nonhuman_influenza_h3nx_pb2.json, auspice/nonhuman_influenza_h3nx_pb1.json, auspice/nonhuman_influenza_h3nx_na.json, auspice/nonhuman_influenza_h3nx_np.json, auspice/nonhuman_influenza_h3nx_pa.json, auspice/nonhuman_influenza_h3nx_ns.json, auspice/nonhuman_influenza_h3nx_mp.json
    jobid: 0
    reason: Input files updated by another job: auspice/nonhuman_influenza_h3nx_np.json, auspice/nonhuman_influenza_h3nx_na.json, auspice/nonhuman_influenza_h3nx_pb1.json, auspice/nonhuman_influenza_h3nx_mp.json, auspice/nonhuman_influenza_h3nx_pa.json, auspice/nonhuman_influenza_h3nx_ns.json, auspice/nonhuman_influenza_h3nx_pb2.json, auspice/nonhuman_influenza_h3nx_ha.json
    resources: tmpdir=/tmp

[Fri Jun 21 16:27:20 2024]
Finished job 0.
73 of 73 steps (100%) done
Complete log: .snakemake/log/2024-06-21T140211.759740.snakemake.log
