Building DAG of jobs...
Using shell: /bin/bash
Provided cores: 6
Rules claiming more threads will be scaled down.
Job stats:
job          count    min threads    max threads
---------  -------  -------------  -------------
align            8              1              1
all              1              1              1
ancestral        8              1              1
export           8              1              1
filter           8              1              1
parse            8              1              1
refine           8              1              1
traits           8              1              1
translate        8              1              1
tree             8              1              1
total           73              1              1

Select jobs to execute...

[Wed Jun 19 13:15:29 2024]
Job 33: Parsing fasta into sequences and metadata
Reason: Missing output files: results/sequences/sequences_h3nx_na.fasta, results/metadata/metadata_h3nx_na.tsv


        augur parse             --sequences sequences/h3nx_na.fasta             --output-sequences results/sequences/sequences_h3nx_na.fasta             --output-metadata results/metadata/metadata_h3nx_na.tsv             --fields strain accession subtype date host country region species broad order             --prettify-fields country host species region order
        

[Wed Jun 19 13:15:29 2024]
Job 24: Parsing fasta into sequences and metadata
Reason: Missing output files: results/metadata/metadata_h3nx_pb1.tsv, results/sequences/sequences_h3nx_pb1.fasta


        augur parse             --sequences sequences/h3nx_pb1.fasta             --output-sequences results/sequences/sequences_h3nx_pb1.fasta             --output-metadata results/metadata/metadata_h3nx_pb1.tsv             --fields strain accession subtype date host country region species broad order             --prettify-fields country host species region order
        

[Wed Jun 19 13:15:29 2024]
Job 15: Parsing fasta into sequences and metadata
Reason: Missing output files: results/metadata/metadata_h3nx_pb2.tsv, results/sequences/sequences_h3nx_pb2.fasta


        augur parse             --sequences sequences/h3nx_pb2.fasta             --output-sequences results/sequences/sequences_h3nx_pb2.fasta             --output-metadata results/metadata/metadata_h3nx_pb2.tsv             --fields strain accession subtype date host country region species broad order             --prettify-fields country host species region order
        

[Wed Jun 19 13:15:29 2024]
Job 6: Parsing fasta into sequences and metadata
Reason: Missing output files: results/metadata/metadata_h3nx_ha.tsv, results/sequences/sequences_h3nx_ha.fasta


        augur parse             --sequences sequences/h3nx_ha.fasta             --output-sequences results/sequences/sequences_h3nx_ha.fasta             --output-metadata results/metadata/metadata_h3nx_ha.tsv             --fields strain accession subtype date host country region species broad order             --prettify-fields country host species region order
        

[Wed Jun 19 13:15:29 2024]
Job 51: Parsing fasta into sequences and metadata
Reason: Missing output files: results/metadata/metadata_h3nx_pa.tsv, results/sequences/sequences_h3nx_pa.fasta


        augur parse             --sequences sequences/h3nx_pa.fasta             --output-sequences results/sequences/sequences_h3nx_pa.fasta             --output-metadata results/metadata/metadata_h3nx_pa.tsv             --fields strain accession subtype date host country region species broad order             --prettify-fields country host species region order
        

[Wed Jun 19 13:15:29 2024]
Job 42: Parsing fasta into sequences and metadata
Reason: Missing output files: results/sequences/sequences_h3nx_np.fasta, results/metadata/metadata_h3nx_np.tsv


        augur parse             --sequences sequences/h3nx_np.fasta             --output-sequences results/sequences/sequences_h3nx_np.fasta             --output-metadata results/metadata/metadata_h3nx_np.tsv             --fields strain accession subtype date host country region species broad order             --prettify-fields country host species region order
        
[Wed Jun 19 13:15:32 2024]
Error in rule parse:
    jobid: 6
    input: sequences/h3nx_ha.fasta
    output: results/sequences/sequences_h3nx_ha.fasta, results/metadata/metadata_h3nx_ha.tsv
    shell:
        
        augur parse             --sequences sequences/h3nx_ha.fasta             --output-sequences results/sequences/sequences_h3nx_ha.fasta             --output-metadata results/metadata/metadata_h3nx_ha.tsv             --fields strain accession subtype date host country region species broad order             --prettify-fields country host species region order
        
        (one of the commands exited with non-zero exit code; note that snakemake uses bash strict mode!)

Removing output files of failed job parse since they might be corrupted:
results/sequences/sequences_h3nx_ha.fasta
[Wed Jun 19 13:15:33 2024]
Finished job 42.
1 of 73 steps (1%) done
[Wed Jun 19 13:15:33 2024]
Finished job 33.
2 of 73 steps (3%) done
[Wed Jun 19 13:15:34 2024]
Finished job 24.
3 of 73 steps (4%) done
[Wed Jun 19 13:15:34 2024]
Finished job 51.
4 of 73 steps (5%) done
[Wed Jun 19 13:15:34 2024]
Finished job 15.
5 of 73 steps (7%) done
Shutting down, this might take some time.
Exiting because a job execution failed. Look above for error message
Complete log: .snakemake/log/2024-06-19T131528.908565.snakemake.log
